<?xml version="1.0" encoding="UTF-8"?>
<testsuite name="jp.co.worksap.hue.CiDashboardApplicationTests" time="0" tests="1" errors="0" skipped="0" failures="0">
  <properties>
    <property name="java.runtime.name" value="Java(TM) SE Runtime Environment"/>
    <property name="sun.boot.library.path" value="C:\PG\Java\jdk1.8.0_65\jre\bin"/>
    <property name="java.vm.version" value="25.65-b01"/>
    <property name="java.vm.vendor" value="Oracle Corporation"/>
    <property name="maven.multiModuleProjectDirectory" value="C:\Apps\Java\SpringIDE\CIDashboard"/>
    <property name="java.vendor.url" value="http://java.oracle.com/"/>
    <property name="path.separator" value=";"/>
    <property name="guice.disable.misplaced.annotation.check" value="true"/>
    <property name="java.vm.name" value="Java HotSpot(TM) 64-Bit Server VM"/>
    <property name="file.encoding.pkg" value="sun.io"/>
    <property name="user.script" value=""/>
    <property name="user.country" value="JP"/>
    <property name="sun.java.launcher" value="SUN_STANDARD"/>
    <property name="sun.os.patch.level" value="Service Pack 1"/>
    <property name="java.vm.specification.name" value="Java Virtual Machine Specification"/>
    <property name="user.dir" value="C:\Apps\Java\SpringIDE\CIDashboard"/>
    <property name="java.runtime.version" value="1.8.0_65-b17"/>
    <property name="java.awt.graphicsenv" value="sun.awt.Win32GraphicsEnvironment"/>
    <property name="java.endorsed.dirs" value="C:\PG\Java\jdk1.8.0_65\jre\lib\endorsed"/>
    <property name="os.arch" value="amd64"/>
    <property name="java.io.tmpdir" value="C:\Users\IBM_AD~1\AppData\Local\Temp\"/>
    <property name="line.separator" value="&#10;"/>
    <property name="java.vm.specification.vendor" value="Oracle Corporation"/>
    <property name="user.variant" value=""/>
    <property name="os.name" value="Windows 7"/>
    <property name="classworlds.conf" value="C:\Apps\Java\SpringIDE\.metadata\.plugins\org.eclipse.m2e.launching\launches\m2conf7443353277698393351.tmp"/>
    <property name="sun.jnu.encoding" value="MS932"/>
    <property name="java.library.path" value="C:\PG\Java\jdk1.8.0_65\bin;C:\Windows\Sun\Java\bin;C:\Windows\system32;C:\Windows;C:/PG/Java/jdk1.8.0_65/bin/../jre/bin/server;C:/PG/Java/jdk1.8.0_65/bin/../jre/bin;C:/PG/Java/jdk1.8.0_65/bin/../jre/lib/amd64;C:\DB\MongoDB3.2\bin;C:\PG\Ruby\Ruby22\bin;C:\PG\Python\Python27;C:\PG\Python\Python27\Scripts;C:\PG\Java\jdk1.8.0_65\bin;C:\ProgramData\Oracle\Java\javapath;C:\Windows\system32;C:\Windows;C:\Windows\System32\Wbem;C:\Windows\System32\WindowsPowerShell\v1.0\;C:\Program Files (x86)\Toshiba\Bluetooth Toshiba Stack\sys\;C:\Program Files (x86)\Toshiba\Bluetooth Toshiba Stack\sys\x64\;C:\Program Files\ibm\gsk8\lib64;C:\Program Files (x86)\ibm\gsk8\lib;C:\IBM\SQLLIB\BIN;C:\Microsoft\SQLServer\Client SDK\ODBC\110\Tools\Binn\;C:\Microsoft\SQLServer\x86\120\Tools\Binn\;C:\Microsoft\SQLServer\120\Tools\Binn\;C:\Microsoft\SQLServer\120\DTS\Binn\;C:\Microsoft\SQLServer\x86\120\Tools\Binn\ManagementStudio\;C:\Microsoft\SQLServer\x86\120\DTS\Binn\;C:\PG\NodeJS\;C:\Tools\Git\cmd;C:\Tools\Maven\bin;C:\DB\MySQL5.7.13\bin;C:\Users\IBM_ADMIN\AppData\Local\atom\bin;C:\Users\IBM_ADMIN\AppData\Roaming\npm;C:\Tools\Eclipse\SpringIDE;;."/>
    <property name="java.specification.name" value="Java Platform API Specification"/>
    <property name="java.class.version" value="52.0"/>
    <property name="sun.management.compiler" value="HotSpot 64-Bit Tiered Compilers"/>
    <property name="os.version" value="6.1"/>
    <property name="user.home" value="C:\Users\IBM_ADMIN"/>
    <property name="user.timezone" value="Asia/Tokyo"/>
    <property name="java.awt.printerjob" value="sun.awt.windows.WPrinterJob"/>
    <property name="java.specification.version" value="1.8"/>
    <property name="file.encoding" value="MS932"/>
    <property name="user.name" value="AA561191"/>
    <property name="java.class.path" value="C:\Tools\Maven\boot\plexus-classworlds-2.5.2.jar"/>
    <property name="java.vm.specification.version" value="1.8"/>
    <property name="sun.arch.data.model" value="64"/>
    <property name="java.home" value="C:\PG\Java\jdk1.8.0_65\jre"/>
    <property name="sun.java.command" value="org.codehaus.plexus.classworlds.launcher.Launcher -Ppom.xml -B install"/>
    <property name="java.specification.vendor" value="Oracle Corporation"/>
    <property name="user.language" value="ja"/>
    <property name="awt.toolkit" value="sun.awt.windows.WToolkit"/>
    <property name="java.vm.info" value="mixed mode"/>
    <property name="java.version" value="1.8.0_65"/>
    <property name="java.ext.dirs" value="C:\PG\Java\jdk1.8.0_65\jre\lib\ext;C:\Windows\Sun\Java\lib\ext"/>
    <property name="sun.boot.class.path" value="C:\PG\Java\jdk1.8.0_65\jre\lib\resources.jar;C:\PG\Java\jdk1.8.0_65\jre\lib\rt.jar;C:\PG\Java\jdk1.8.0_65\jre\lib\sunrsasign.jar;C:\PG\Java\jdk1.8.0_65\jre\lib\jsse.jar;C:\PG\Java\jdk1.8.0_65\jre\lib\jce.jar;C:\PG\Java\jdk1.8.0_65\jre\lib\charsets.jar;C:\PG\Java\jdk1.8.0_65\jre\lib\jfr.jar;C:\PG\Java\jdk1.8.0_65\jre\classes"/>
    <property name="java.vendor" value="Oracle Corporation"/>
    <property name="maven.home" value="C:\Tools\Maven"/>
    <property name="file.separator" value="\"/>
    <property name="java.vendor.url.bug" value="http://bugreport.sun.com/bugreport/"/>
    <property name="sun.cpu.endian" value="little"/>
    <property name="sun.io.unicode.encoding" value="UnicodeLittle"/>
    <property name="sun.desktop" value="windows"/>
    <property name="sun.cpu.isalist" value="amd64"/>
  </properties>
  <testcase name="contextLoads" classname="jp.co.worksap.hue.CiDashboardApplicationTests" time="0"/>
</testsuite>